0 info it worked if it ends with ok
1 verbose cli [
1 verbose cli   '/usr/bin/node',
1 verbose cli   '/usr/lib/node_modules/pm2/lib/ProcessContainerFork.js',
1 verbose cli   'start'
1 verbose cli ]
2 info using npm@6.14.16
3 info using node@v12.22.12
4 verbose config Skipping project config: /root/.npmrc. (matches userconfig)
5 verbose stack Error: missing script: start
5 verbose stack     at run (/usr/lib/node_modules/npm/lib/run-script.js:155:19)
5 verbose stack     at /usr/lib/node_modules/npm/lib/run-script.js:63:5
5 verbose stack     at /usr/lib/node_modules/npm/node_modules/read-package-json/read-json.js:116:5
5 verbose stack     at /usr/lib/node_modules/npm/node_modules/read-package-json/read-json.js:436:5
5 verbose stack     at checkBinReferences_ (/usr/lib/node_modules/npm/node_modules/read-package-json/read-json.js:391:45)
5 verbose stack     at final (/usr/lib/node_modules/npm/node_modules/read-package-json/read-json.js:434:3)
5 verbose stack     at then (/usr/lib/node_modules/npm/node_modules/read-package-json/read-json.js:161:5)
5 verbose stack     at /usr/lib/node_modules/npm/node_modules/read-package-json/read-json.js:382:12
5 verbose stack     at /usr/lib/node_modules/npm/node_modules/graceful-fs/graceful-fs.js:123:16
5 verbose stack     at FSReqCallback.readFileAfterClose [as oncomplete] (internal/fs/read_file_context.js:63:3)
6 verbose cwd /root
7 verbose Linux 3.10.0-1127.10.1.el7.x86_64
8 verbose argv "/usr/bin/node" "/usr/lib/node_modules/pm2/lib/ProcessContainerFork.js" "start"
9 verbose node v12.22.12
10 verbose npm  v6.14.16
11 error missing script: start
12 verbose exit [ 1, true ]
